<?xml version="1.0" encoding="UTF-8"?>
<!-- Generated by org.testng.reporters.JUnitReportReporter -->
<testsuite hostname="Padmaarajan" failures="0" tests="1" name="testCases.TC_005_AddToCartPageTest" time="1.366" errors="0" timestamp="2025-06-01T12:16:37 IST" skipped="0">
  <testcase classname="testCases.TC_005_AddToCartPageTest" name="verify_addToCart" time="1.366"/>
</testsuite> <!-- testCases.TC_005_AddToCartPageTest -->
