<?xml version="1.0" encoding="UTF-8"?>
<!-- Generated by org.testng.reporters.JUnitReportReporter -->
<testsuite hostname="Padmaarajan" failures="0" tests="1" name="testCases.TC_001_AccountRegistrationTest" time="2.058" errors="0" timestamp="2025-05-29T22:53:38 IST" skipped="0">
  <testcase classname="testCases.TC_001_AccountRegistrationTest" name="verify_account_registration" time="2.058"/>
</testsuite> <!-- testCases.TC_001_AccountRegistrationTest -->
